<?xml version="1.0" encoding="UTF-8"?>
<!-- Generated by org.testng.reporters.JUnitReportReporter -->
<testsuite skipped="0" hostname="W-6G44ZY2" name="testScenarios.TS01_SignUp_Scenarios" tests="2" failures="0" timestamp="2021-07-26T00:39:49 IST" time="212.676" errors="0">
  <testcase name="TC01_CoinDCX_SignUp_Valid_Data" time="151.994" classname="testScenarios.TS01_SignUp_Scenarios"/>
  <system-out/>
  <testcase name="TC02_CoinDCX_SignUp_InValid_OTP" time="60.682" classname="testScenarios.TS01_SignUp_Scenarios"/>
  <system-out/>
</testsuite> <!-- testScenarios.TS01_SignUp_Scenarios -->
