<?xml version="1.0" encoding="UTF-8"?>
<!-- Generated by org.testng.reporters.JUnitReportReporter -->
<testsuite skipped="0" hostname="W-6G44ZY2" name="testScenarios.TS02_Market_Tab_Scenarios" tests="1" failures="0" timestamp="2021-07-26T00:49:50 IST" time="25.453" errors="0">
  <testcase name="TC01_CoinDCX_Market_Tab_Validation" time="25.453" classname="testScenarios.TS02_Market_Tab_Scenarios"/>
  <system-out/>
</testsuite> <!-- testScenarios.TS02_Market_Tab_Scenarios -->
